loading CUDA
loading Conda
Training
Accuracy: 0.9182 - F1: 0.7256 - Loss: 0.9064
Accuracy: 0.9182 - F1: 0.7256 - Loss: 0.9064
Accuracy: 0.9182 - F1: 0.7256 - Loss: 0.9064
Accuracy: 0.9182 - F1: 0.7256 - Loss: 0.9064
Accuracy: 0.8839 - F1: 0.2740 - Loss: 1.6166
Accuracy: 0.8933 - F1: 0.3498 - Loss: 1.4974
Accuracy: 0.9066 - F1: 0.4158 - Loss: 1.4515
Accuracy: 0.9066 - F1: 0.4158 - Loss: 1.4515
Accuracy: 0.8877 - F1: 0.7122 - Loss: 1.1047
Accuracy: 0.8877 - F1: 0.7122 - Loss: 1.1047
Accuracy: 0.8877 - F1: 0.7122 - Loss: 1.1047
Accuracy: 0.8877 - F1: 0.7122 - Loss: 1.1047
Accuracy: 0.8755 - F1: 0.3915 - Loss: 1.6365
Accuracy: 0.8755 - F1: 0.3915 - Loss: 1.6365
Accuracy: 0.8755 - F1: 0.3915 - Loss: 1.6365
Accuracy: 0.8755 - F1: 0.3915 - Loss: 1.6365
Accuracy: 0.9006 - F1: 0.6053 - Loss: 1.2776
Accuracy: 0.9006 - F1: 0.6053 - Loss: 1.2776
Accuracy: 0.9006 - F1: 0.6053 - Loss: 1.2776
Accuracy: 0.9006 - F1: 0.6053 - Loss: 1.2776
Accuracy: 0.8517 - F1: 0.2754 - Loss: 2.1617
Accuracy: 0.7662 - F1: 0.2728 - Loss: 2.0386
Accuracy: 0.8487 - F1: 0.2837 - Loss: 2.0205
Accuracy: 0.8487 - F1: 0.2837 - Loss: 2.0205
Accuracy: 0.9176 - F1: 0.7681 - Loss: 0.7516
Accuracy: 0.9359 - F1: 0.7693 - Loss: 0.7447
Accuracy: 0.9359 - F1: 0.7693 - Loss: 0.7447
Accuracy: 0.9359 - F1: 0.7693 - Loss: 0.7447
Accuracy: 0.9194 - F1: 0.6412 - Loss: 1.0421
Accuracy: 0.9182 - F1: 0.6880 - Loss: 1.0634
Accuracy: 0.9082 - F1: 0.6640 - Loss: 1.0804
Accuracy: 0.9058 - F1: 0.6970 - Loss: 0.9468
Accuracy: 0.9184 - F1: 0.7595 - Loss: 0.8397
Accuracy: 0.9184 - F1: 0.7595 - Loss: 0.8397
Accuracy: 0.9184 - F1: 0.7595 - Loss: 0.8397
Accuracy: 0.9184 - F1: 0.7595 - Loss: 0.8397
Accuracy: 0.8971 - F1: 0.5385 - Loss: 1.3237
Accuracy: 0.8971 - F1: 0.5385 - Loss: 1.3237
Accuracy: 0.8975 - F1: 0.5994 - Loss: 1.2879
Accuracy: 0.8975 - F1: 0.5994 - Loss: 1.2879
Accuracy: 0.9022 - F1: 0.6984 - Loss: 1.1229
Accuracy: 0.9022 - F1: 0.6984 - Loss: 1.1229
Accuracy: 0.9022 - F1: 0.6984 - Loss: 1.1229
Accuracy: 0.9012 - F1: 0.7083 - Loss: 1.1134
Accuracy: 0.8871 - F1: 0.3458 - Loss: 1.6415
Accuracy: 0.8871 - F1: 0.3458 - Loss: 1.6415
Accuracy: 0.8871 - F1: 0.3458 - Loss: 1.6415
Accuracy: 0.8722 - F1: 0.3481 - Loss: 1.7012
Accuracy: 0.9014 - F1: 0.6058 - Loss: 1.1949
Accuracy: 0.9042 - F1: 0.6781 - Loss: 1.1070
Accuracy: 0.9042 - F1: 0.6781 - Loss: 1.1070
Accuracy: 0.9042 - F1: 0.6781 - Loss: 1.1070
Accuracy: 0.8921 - F1: 0.3564 - Loss: 1.6970
Accuracy: 0.8921 - F1: 0.3564 - Loss: 1.6970
Accuracy: 0.8921 - F1: 0.3564 - Loss: 1.6970
Accuracy: 0.8921 - F1: 0.3564 - Loss: 1.6970
Accuracy: 0.8907 - F1: 0.4857 - Loss: 1.5178
Accuracy: 0.8907 - F1: 0.4857 - Loss: 1.5178
Accuracy: 0.8885 - F1: 0.5084 - Loss: 1.4939
Accuracy: 0.9010 - F1: 0.5708 - Loss: 1.3872
Accuracy: 0.8061 - F1: 0.4213 - Loss: 1.9968
Accuracy: 0.8061 - F1: 0.4213 - Loss: 1.9968
Accuracy: 0.8061 - F1: 0.4213 - Loss: 1.9968
Accuracy: 0.8061 - F1: 0.4213 - Loss: 1.9968
Accuracy: 0.8724 - F1: 0.2582 - Loss: 1.9251
Accuracy: 0.8445 - F1: 0.3196 - Loss: 1.9047
Accuracy: 0.8465 - F1: 0.4289 - Loss: 1.8027
Accuracy: 0.8465 - F1: 0.4289 - Loss: 1.8027
Accuracy: 0.7368 - F1: 0.2647 - Loss: 2.3127
Accuracy: 0.7368 - F1: 0.2647 - Loss: 2.3127
Accuracy: 0.7368 - F1: 0.2647 - Loss: 2.3127
Accuracy: 0.7368 - F1: 0.2647 - Loss: 2.3127
Done
